<?xml version="1.0" encoding="UTF-8"?>
<!-- Generated by org.testng.reporters.JUnitReportReporter -->
<testsuite hostname="DESKTOP-H0FB7QE" failures="0" tests="1" name="com.herokuapp.theinternet.Felements" time="45.950" errors="0" timestamp="2021-04-10T08:51:41 IST" skipped="0">
  <testcase classname="com.herokuapp.theinternet.Felements" name="fele" time="45.950"/>
  <system-out/>
</testsuite> <!-- com.herokuapp.theinternet.Felements -->
