<?xml version="1.0" encoding="UTF-8"?>
<!-- Generated by org.testng.reporters.JUnitReportReporter -->
<testsuite hostname="DESKTOP-H0FB7QE" failures="0" tests="3" name="com.herokuapp.theinternet.NewTestDataprovider" time="0.016" errors="0" timestamp="2021-03-24T18:10:03 IST" skipped="0">
  <testcase classname="com.herokuapp.theinternet.NewTestDataprovider" name="f" time="0.002"/>
  <system-out/>
  <testcase classname="com.herokuapp.theinternet.NewTestDataprovider" name="f" time="0.003"/>
  <system-out/>
  <testcase classname="com.herokuapp.theinternet.NewTestDataprovider" name="f" time="0.011"/>
  <system-out/>
</testsuite> <!-- com.herokuapp.theinternet.NewTestDataprovider -->
