<?xml version="1.0" encoding="UTF-8"?>
<!-- Generated by org.testng.reporters.JUnitReportReporter -->
<testsuite hostname="DESKTOP-H0FB7QE" failures="0" tests="1" name="com.herokuapp.theinternet.Windowhandle" time="29.917" errors="0" timestamp="2021-04-13T08:21:27 IST" skipped="0">
  <testcase classname="com.herokuapp.theinternet.Windowhandle" name="win" time="29.917"/>
  <system-out/>
</testsuite> <!-- com.herokuapp.theinternet.Windowhandle -->
