<?xml version="1.0" encoding="UTF-8"?>
<!-- Generated by org.testng.reporters.JUnitReportReporter -->
<testsuite hostname="DESKTOP-H0FB7QE" failures="0" tests="1" name="com.herokuapp.theinternet.Webtables" time="13.573" errors="0" timestamp="2021-04-12T07:20:17 IST" skipped="0">
  <testcase classname="com.herokuapp.theinternet.Webtables" name="web" time="13.573"/>
  <system-out/>
</testsuite> <!-- com.herokuapp.theinternet.Webtables -->
