<?xml version="1.0" encoding="UTF-8"?>
<!-- Generated by org.testng.reporters.JUnitReportReporter -->
<testsuite hostname="DESKTOP-H0FB7QE" failures="0" tests="1" name="com.herokuapp.theinternet.PositiveTests" time="74.874" errors="0" timestamp="2021-03-26T14:05:23 IST" skipped="0">
  <testcase classname="com.herokuapp.theinternet.PositiveTests" name="loginTest" time="74.874"/>
  <system-out/>
</testsuite> <!-- com.herokuapp.theinternet.PositiveTests -->
