<?xml version="1.0" encoding="UTF-8"?>
<!-- Generated by org.testng.reporters.JUnitReportReporter -->
<testsuite hostname="DESKTOP-H0FB7QE" failures="0" tests="1" name="com.herokuapp.theinternet.Rightclick" time="25.895" errors="0" timestamp="2021-04-11T09:02:02 IST" skipped="0">
  <testcase classname="com.herokuapp.theinternet.Rightclick" name="right" time="25.895"/>
  <system-out/>
</testsuite> <!-- com.herokuapp.theinternet.Rightclick -->
