<?xml version="1.0" encoding="UTF-8"?>
<!-- Generated by org.testng.reporters.JUnitReportReporter -->
<testsuite hostname="DESKTOP-H0FB7QE" failures="0" tests="1" name="com.herokuapp.theinternet.Openthefile" time="21.860" errors="0" timestamp="2021-04-11T07:44:39 IST" skipped="0">
  <testcase classname="com.herokuapp.theinternet.Openthefile" name="Open" time="21.860"/>
  <system-out/>
</testsuite> <!-- com.herokuapp.theinternet.Openthefile -->
