<?xml version="1.0" encoding="UTF-8"?>
<!-- Generated by org.testng.reporters.JUnitReportReporter -->
<testsuite hostname="DESKTOP-H0FB7QE" failures="0" tests="1" name="excelautomation.ScrollUpDown" time="78.578" errors="0" timestamp="2021-04-21T08:10:13 IST" skipped="0">
  <testcase classname="excelautomation.ScrollUpDown" name="m" time="78.578"/>
  <system-out/>
</testsuite> <!-- excelautomation.ScrollUpDown -->
