<?xml version="1.0" encoding="UTF-8"?>
<!-- Generated by org.testng.reporters.JUnitReportReporter -->
<testsuite hostname="DESKTOP-H0FB7QE" failures="0" tests="3" name="JavaSessions.ExcelAutomationTestNG" time="63.161" errors="0" timestamp="2021-05-23T23:00:03 IST" skipped="0">
  <testcase classname="JavaSessions.ExcelAutomationTestNG" name="regTest" time="16.447"/>
  <system-out/>
  <testcase classname="JavaSessions.ExcelAutomationTestNG" name="regTest" time="18.095"/>
  <system-out/>
  <testcase classname="JavaSessions.ExcelAutomationTestNG" name="regTest" time="28.619"/>
  <system-out/>
</testsuite> <!-- JavaSessions.ExcelAutomationTestNG -->
