<?xml version="1.0" encoding="UTF-8"?>
<!-- Generated by org.testng.reporters.JUnitReportReporter -->
<testsuite hostname="DESKTOP-H0FB7QE" failures="0" tests="1" name="automationPack.ExcelAutomationTestNG" time="18.738" errors="0" timestamp="2021-05-23T14:54:48 IST" skipped="0">
  <testcase classname="automationPack.ExcelAutomationTestNG" name="regTest" time="18.738"/>
  <system-out/>
</testsuite> <!-- automationPack.ExcelAutomationTestNG -->
